\BOOKMARK [0][-]{chapter.1}{\376\377\0001\000\040\000I\000n\000d\000e\000k\000s\000\040\000s\000t\000r\000u\000k\000t\000u\000r\000\040\000d\000a\000n\000y\000c\000h}{}% 1
\BOOKMARK [1][-]{section.1.1}{\376\377\0001\000.\0001\000\040\000S\000t\000r\000u\000k\000t\000u\000r\000y\000\040\000d\000a\000n\000y\000c\000h}{chapter.1}% 2
\BOOKMARK [0][-]{chapter.2}{\376\377\0002\000\040\000I\000n\000d\000e\000k\000s\000\040\000p\000l\000i\000k\000\363\000w}{}% 3
\BOOKMARK [1][-]{section.2.1}{\376\377\0002\000.\0001\000\040\000L\000i\000s\000t\000a\000\040\000p\000l\000i\000k\000\363\000w}{chapter.2}% 4
\BOOKMARK [0][-]{chapter.3}{\376\377\0003\000\040\000D\000o\000k\000u\000m\000e\000n\000t\000a\000c\000j\000a\000\040\000s\000t\000r\000u\000k\000t\000u\000r\000\040\000d\000a\000n\000y\000c\000h}{}% 5
\BOOKMARK [1][-]{section.3.1}{\376\377\0003\000.\0001\000\040\000D\000o\000k\000u\000m\000e\000n\000t\000a\000c\000j\000a\000\040\000s\000t\000r\000u\000k\000t\000u\000r\000y\000\040\000O\000n\000p}{chapter.3}% 6
\BOOKMARK [2][-]{subsection.3.1.1}{\376\377\0003\000.\0001\000.\0001\000\040\000O\000p\000i\000s\000\040\000s\000z\000c\000z\000e\000g\000\363\001\102\000o\000w\000y}{section.3.1}% 7
\BOOKMARK [2][-]{subsection.3.1.2}{\376\377\0003\000.\0001\000.\0002\000\040\000D\000o\000k\000u\000m\000e\000n\000t\000a\000c\000j\000a\000\040\000p\000\363\000l}{section.3.1}% 8
\BOOKMARK [3][-]{subsubsection.3.1.2.1}{\376\377\0003\000.\0001\000.\0002\000.\0001\000\040\000p\000N\000e\000x\000t}{subsection.3.1.2}% 9
\BOOKMARK [3][-]{subsubsection.3.1.2.2}{\376\377\0003\000.\0001\000.\0002\000.\0002\000\040\000p\000P\000r\000e\000v}{subsection.3.1.2}% 10
\BOOKMARK [3][-]{subsubsection.3.1.2.3}{\376\377\0003\000.\0001\000.\0002\000.\0003\000\040\000t\000y\000p\000e}{subsection.3.1.2}% 11
\BOOKMARK [3][-]{subsubsection.3.1.2.4}{\376\377\0003\000.\0001\000.\0002\000.\0004\000\040\000v\000a\000l\000u\000e}{subsection.3.1.2}% 12
\BOOKMARK [1][-]{section.3.2}{\376\377\0003\000.\0002\000\040\000D\000o\000k\000u\000m\000e\000n\000t\000a\000c\000j\000a\000\040\000s\000t\000r\000u\000k\000t\000u\000r\000y\000\040\000P\000a\000i\000r}{chapter.3}% 13
\BOOKMARK [2][-]{subsection.3.2.1}{\376\377\0003\000.\0002\000.\0001\000\040\000O\000p\000i\000s\000\040\000s\000z\000c\000z\000e\000g\000\363\001\102\000o\000w\000y}{section.3.2}% 14
\BOOKMARK [2][-]{subsection.3.2.2}{\376\377\0003\000.\0002\000.\0002\000\040\000D\000o\000k\000u\000m\000e\000n\000t\000a\000c\000j\000a\000\040\000p\000\363\000l}{section.3.2}% 15
\BOOKMARK [3][-]{subsubsection.3.2.2.1}{\376\377\0003\000.\0002\000.\0002\000.\0001\000\040\000p\000O\000n\000p}{subsection.3.2.2}% 16
\BOOKMARK [3][-]{subsubsection.3.2.2.2}{\376\377\0003\000.\0002\000.\0002\000.\0002\000\040\000p\000S\000t\000a\000c\000k}{subsection.3.2.2}% 17
\BOOKMARK [1][-]{section.3.3}{\376\377\0003\000.\0003\000\040\000D\000o\000k\000u\000m\000e\000n\000t\000a\000c\000j\000a\000\040\000s\000t\000r\000u\000k\000t\000u\000r\000y\000\040\000S\000t\000a\000c\000k}{chapter.3}% 18
\BOOKMARK [2][-]{subsection.3.3.1}{\376\377\0003\000.\0003\000.\0001\000\040\000O\000p\000i\000s\000\040\000s\000z\000c\000z\000e\000g\000\363\001\102\000o\000w\000y}{section.3.3}% 19
\BOOKMARK [2][-]{subsection.3.3.2}{\376\377\0003\000.\0003\000.\0002\000\040\000D\000o\000k\000u\000m\000e\000n\000t\000a\000c\000j\000a\000\040\000p\000\363\000l}{section.3.3}% 20
\BOOKMARK [3][-]{subsubsection.3.3.2.1}{\376\377\0003\000.\0003\000.\0002\000.\0001\000\040\000p\000P\000r\000e\000v}{subsection.3.3.2}% 21
\BOOKMARK [3][-]{subsubsection.3.3.2.2}{\376\377\0003\000.\0003\000.\0002\000.\0002\000\040\000p\000r\000i\000o\000r\000y\000t\000y}{subsection.3.3.2}% 22
\BOOKMARK [3][-]{subsubsection.3.3.2.3}{\376\377\0003\000.\0003\000.\0002\000.\0003\000\040\000t\000y\000p\000e}{subsection.3.3.2}% 23
\BOOKMARK [0][-]{chapter.4}{\376\377\0004\000\040\000D\000o\000k\000u\000m\000e\000n\000t\000a\000c\000j\000a\000\040\000p\000l\000i\000k\000\363\000w}{}% 24
\BOOKMARK [1][-]{section.4.1}{\376\377\0004\000.\0001\000\040\000D\000o\000k\000u\000m\000e\000n\000t\000a\000c\000j\000a\000\040\000p\000l\000i\000k\000u\000\040\000C\000a\000l\000c\000u\000l\000a\000t\000o\000r\000.\000c}{chapter.4}% 25
\BOOKMARK [2][-]{subsection.4.1.1}{\376\377\0004\000.\0001\000.\0001\000\040\000D\000o\000k\000u\000m\000e\000n\000t\000a\000c\000j\000a\000\040\000d\000e\000f\000i\000n\000i\000c\000j\000i}{section.4.1}% 26
\BOOKMARK [3][-]{subsubsection.4.1.1.1}{\376\377\0004\000.\0001\000.\0001\000.\0001\000\040\000\137\000C\000R\000T\000\137\000S\000E\000C\000U\000R\000E\000\137\000N\000O\000\137\000D\000E\000P\000R\000E\000C\000A\000T\000E}{subsection.4.1.1}% 27
\BOOKMARK [2][-]{subsection.4.1.2}{\376\377\0004\000.\0001\000.\0002\000\040\000D\000o\000k\000u\000m\000e\000n\000t\000a\000c\000j\000a\000\040\000f\000u\000n\000k\000c\000j\000i}{section.4.1}% 28
\BOOKMARK [3][-]{subsubsection.4.1.2.1}{\376\377\0004\000.\0001\000.\0002\000.\0001\000\040\000c\000a\000l\000c\000u\000l\000a\000t\000o\000r\000\050\000\051}{subsection.4.1.2}% 29
\BOOKMARK [3][-]{subsubsection.4.1.2.2}{\376\377\0004\000.\0001\000.\0002\000.\0002\000\040\000F\000r\000e\000e\000M\000e\000m\000o\000r\000y\000\050\000\051}{subsection.4.1.2}% 30
\BOOKMARK [3][-]{subsubsection.4.1.2.3}{\376\377\0004\000.\0001\000.\0002\000.\0003\000\040\000g\000e\000t\000M\000u\000l\000t\000i\000R\000e\000s\000u\000l\000t\000\050\000\051}{subsection.4.1.2}% 31
\BOOKMARK [3][-]{subsubsection.4.1.2.4}{\376\377\0004\000.\0001\000.\0002\000.\0004\000\040\000g\000e\000t\000S\000i\000n\000g\000l\000e\000R\000e\000s\000u\000l\000t\000\050\000\051}{subsection.4.1.2}% 32
\BOOKMARK [1][-]{section.4.2}{\376\377\0004\000.\0002\000\040\000D\000o\000k\000u\000m\000e\000n\000t\000a\000c\000j\000a\000\040\000p\000l\000i\000k\000u\000\040\000C\000a\000l\000c\000u\000l\000a\000t\000o\000r\000.\000h}{chapter.4}% 33
\BOOKMARK [2][-]{subsection.4.2.1}{\376\377\0004\000.\0002\000.\0001\000\040\000D\000o\000k\000u\000m\000e\000n\000t\000a\000c\000j\000a\000\040\000f\000u\000n\000k\000c\000j\000i}{section.4.2}% 34
\BOOKMARK [3][-]{subsubsection.4.2.1.1}{\376\377\0004\000.\0002\000.\0001\000.\0001\000\040\000c\000a\000l\000c\000u\000l\000a\000t\000o\000r\000\050\000\051}{subsection.4.2.1}% 35
\BOOKMARK [3][-]{subsubsection.4.2.1.2}{\376\377\0004\000.\0002\000.\0001\000.\0002\000\040\000F\000r\000e\000e\000M\000e\000m\000o\000r\000y\000\050\000\051}{subsection.4.2.1}% 36
\BOOKMARK [3][-]{subsubsection.4.2.1.3}{\376\377\0004\000.\0002\000.\0001\000.\0003\000\040\000g\000e\000t\000M\000u\000l\000t\000i\000R\000e\000s\000u\000l\000t\000\050\000\051}{subsection.4.2.1}% 37
\BOOKMARK [3][-]{subsubsection.4.2.1.4}{\376\377\0004\000.\0002\000.\0001\000.\0004\000\040\000g\000e\000t\000S\000i\000n\000g\000l\000e\000R\000e\000s\000u\000l\000t\000\050\000\051}{subsection.4.2.1}% 38
\BOOKMARK [1][-]{section.4.3}{\376\377\0004\000.\0003\000\040\000D\000o\000k\000u\000m\000e\000n\000t\000a\000c\000j\000a\000\040\000p\000l\000i\000k\000u\000\040\000C\000o\000n\000s\000t\000a\000n\000s\000.\000h}{chapter.4}% 39
\BOOKMARK [2][-]{subsection.4.3.1}{\376\377\0004\000.\0003\000.\0001\000\040\000D\000o\000k\000u\000m\000e\000n\000t\000a\000c\000j\000a\000\040\000d\000e\000f\000i\000n\000i\000c\000j\000i}{section.4.3}% 40
\BOOKMARK [3][-]{subsubsection.4.3.1.1}{\376\377\0004\000.\0003\000.\0001\000.\0001\000\040\000E\000N\000D\000\137\000A\000R\000R\000A\000Y}{subsection.4.3.1}% 41
\BOOKMARK [3][-]{subsubsection.4.3.1.2}{\376\377\0004\000.\0003\000.\0001\000.\0002\000\040\000I\000N\000P\000U\000T\000\137\000S\000I\000Z\000E}{subsection.4.3.1}% 42
\BOOKMARK [3][-]{subsubsection.4.3.1.3}{\376\377\0004\000.\0003\000.\0001\000.\0003\000\040\000M\000U\000L\000T\000I\000\137\000A\000R\000G\000U\000M\000E\000N\000T\000S}{subsection.4.3.1}% 43
\BOOKMARK [3][-]{subsubsection.4.3.1.4}{\376\377\0004\000.\0003\000.\0001\000.\0004\000\040\000S\000T\000A\000C\000K\000\137\000S\000I\000Z\000E}{subsection.4.3.1}% 44
\BOOKMARK [3][-]{subsubsection.4.3.1.5}{\376\377\0004\000.\0003\000.\0001\000.\0005\000\040\000U\000N\000D\000E\000F\000I\000N\000E\000D}{subsection.4.3.1}% 45
\BOOKMARK [1][-]{section.4.4}{\376\377\0004\000.\0004\000\040\000D\000o\000k\000u\000m\000e\000n\000t\000a\000c\000j\000a\000\040\000p\000l\000i\000k\000u\000\040\000C\000o\000n\000v\000e\000r\000t\000F\000u\000n\000c\000t\000i\000o\000n\000s\000.\000c}{chapter.4}% 46
\BOOKMARK [2][-]{subsection.4.4.1}{\376\377\0004\000.\0004\000.\0001\000\040\000D\000o\000k\000u\000m\000e\000n\000t\000a\000c\000j\000a\000\040\000d\000e\000f\000i\000n\000i\000c\000j\000i}{section.4.4}% 47
\BOOKMARK [3][-]{subsubsection.4.4.1.1}{\376\377\0004\000.\0004\000.\0001\000.\0001\000\040\000\137\000C\000R\000T\000\137\000S\000E\000C\000U\000R\000E\000\137\000N\000O\000\137\000D\000E\000P\000R\000E\000C\000A\000T\000E}{subsection.4.4.1}% 48
\BOOKMARK [2][-]{subsection.4.4.2}{\376\377\0004\000.\0004\000.\0002\000\040\000D\000o\000k\000u\000m\000e\000n\000t\000a\000c\000j\000a\000\040\000f\000u\000n\000k\000c\000j\000i}{section.4.4}% 49
\BOOKMARK [3][-]{subsubsection.4.4.2.1}{\376\377\0004\000.\0004\000.\0002\000.\0001\000\040\000c\000h\000a\000r\000T\000o\000D\000i\000g\000i\000t\000\050\000\051}{subsection.4.4.2}% 50
\BOOKMARK [3][-]{subsubsection.4.4.2.2}{\376\377\0004\000.\0004\000.\0002\000.\0002\000\040\000g\000e\000t\000F\000r\000a\000c\000t\000i\000o\000n\000\050\000\051}{subsection.4.4.2}% 51
\BOOKMARK [3][-]{subsubsection.4.4.2.3}{\376\377\0004\000.\0004\000.\0002\000.\0003\000\040\000g\000e\000t\000O\000p\000e\000r\000a\000t\000i\000o\000n\000\050\000\051}{subsection.4.4.2}% 52
\BOOKMARK [3][-]{subsubsection.4.4.2.4}{\376\377\0004\000.\0004\000.\0002\000.\0004\000\040\000g\000e\000t\000P\000r\000i\000o\000r\000i\000t\000y\000\050\000\051}{subsection.4.4.2}% 53
\BOOKMARK [3][-]{subsubsection.4.4.2.5}{\376\377\0004\000.\0004\000.\0002\000.\0005\000\040\000g\000e\000t\000T\000y\000p\000e\000\050\000\051}{subsection.4.4.2}% 54
\BOOKMARK [1][-]{section.4.5}{\376\377\0004\000.\0005\000\040\000D\000o\000k\000u\000m\000e\000n\000t\000a\000c\000j\000a\000\040\000p\000l\000i\000k\000u\000\040\000C\000o\000n\000v\000e\000r\000t\000F\000u\000n\000c\000t\000i\000o\000n\000s\000.\000h}{chapter.4}% 55
\BOOKMARK [2][-]{subsection.4.5.1}{\376\377\0004\000.\0005\000.\0001\000\040\000D\000o\000k\000u\000m\000e\000n\000t\000a\000c\000j\000a\000\040\000f\000u\000n\000k\000c\000j\000i}{section.4.5}% 56
\BOOKMARK [3][-]{subsubsection.4.5.1.1}{\376\377\0004\000.\0005\000.\0001\000.\0001\000\040\000c\000h\000a\000r\000T\000o\000D\000i\000g\000i\000t\000\050\000\051}{subsection.4.5.1}% 57
\BOOKMARK [3][-]{subsubsection.4.5.1.2}{\376\377\0004\000.\0005\000.\0001\000.\0002\000\040\000g\000e\000t\000F\000r\000a\000c\000t\000i\000o\000n\000\050\000\051}{subsection.4.5.1}% 58
\BOOKMARK [3][-]{subsubsection.4.5.1.3}{\376\377\0004\000.\0005\000.\0001\000.\0003\000\040\000g\000e\000t\000O\000p\000e\000r\000a\000t\000i\000o\000n\000\050\000\051}{subsection.4.5.1}% 59
\BOOKMARK [3][-]{subsubsection.4.5.1.4}{\376\377\0004\000.\0005\000.\0001\000.\0004\000\040\000g\000e\000t\000P\000r\000i\000o\000r\000i\000t\000y\000\050\000\051}{subsection.4.5.1}% 60
\BOOKMARK [3][-]{subsubsection.4.5.1.5}{\376\377\0004\000.\0005\000.\0001\000.\0005\000\040\000g\000e\000t\000T\000y\000p\000e\000\050\000\051}{subsection.4.5.1}% 61
\BOOKMARK [1][-]{section.4.6}{\376\377\0004\000.\0006\000\040\000D\000o\000k\000u\000m\000e\000n\000t\000a\000c\000j\000a\000\040\000p\000l\000i\000k\000u\000\040\000D\000e\000b\000u\000g\000/\000K\000a\000l\000k\000u\000l\000a\000t\000o\000r\000O\000N\000P\000.\000v\000c\000x\000p\000r\000o\000j\000.\000F\000i\000l\000e\000L\000i\000s\000t\000A\000b\000s\000o\000l\000u\000t\000e\000.\000t\000x\000t}{chapter.4}% 62
\BOOKMARK [1][-]{section.4.7}{\376\377\0004\000.\0007\000\040\000D\000o\000k\000u\000m\000e\000n\000t\000a\000c\000j\000a\000\040\000p\000l\000i\000k\000u\000\040\000F\000i\000l\000e\000F\000u\000n\000c\000t\000i\000o\000n\000s\000.\000c}{chapter.4}% 63
\BOOKMARK [2][-]{subsection.4.7.1}{\376\377\0004\000.\0007\000.\0001\000\040\000D\000o\000k\000u\000m\000e\000n\000t\000a\000c\000j\000a\000\040\000d\000e\000f\000i\000n\000i\000c\000j\000i}{section.4.7}% 64
\BOOKMARK [3][-]{subsubsection.4.7.1.1}{\376\377\0004\000.\0007\000.\0001\000.\0001\000\040\000\137\000C\000R\000T\000\137\000S\000E\000C\000U\000R\000E\000\137\000N\000O\000\137\000D\000E\000P\000R\000E\000C\000A\000T\000E}{subsection.4.7.1}% 65
\BOOKMARK [2][-]{subsection.4.7.2}{\376\377\0004\000.\0007\000.\0002\000\040\000D\000o\000k\000u\000m\000e\000n\000t\000a\000c\000j\000a\000\040\000f\000u\000n\000k\000c\000j\000i}{section.4.7}% 66
\BOOKMARK [3][-]{subsubsection.4.7.2.1}{\376\377\0004\000.\0007\000.\0002\000.\0001\000\040\000a\000d\000d\000O\000n\000p\000T\000o\000F\000i\000l\000e\000\050\000\051}{subsection.4.7.2}% 67
\BOOKMARK [3][-]{subsubsection.4.7.2.2}{\376\377\0004\000.\0007\000.\0002\000.\0002\000\040\000a\000d\000d\000R\000e\000s\000u\000l\000t\000T\000o\000F\000i\000l\000e\000\050\000\051}{subsection.4.7.2}% 68
\BOOKMARK [3][-]{subsubsection.4.7.2.3}{\376\377\0004\000.\0007\000.\0002\000.\0003\000\040\000r\000e\000a\000d\000F\000i\000l\000e\000\050\000\051}{subsection.4.7.2}% 69
\BOOKMARK [1][-]{section.4.8}{\376\377\0004\000.\0008\000\040\000D\000o\000k\000u\000m\000e\000n\000t\000a\000c\000j\000a\000\040\000p\000l\000i\000k\000u\000\040\000F\000i\000l\000e\000F\000u\000n\000c\000t\000i\000o\000n\000s\000.\000h}{chapter.4}% 70
\BOOKMARK [2][-]{subsection.4.8.1}{\376\377\0004\000.\0008\000.\0001\000\040\000D\000o\000k\000u\000m\000e\000n\000t\000a\000c\000j\000a\000\040\000f\000u\000n\000k\000c\000j\000i}{section.4.8}% 71
\BOOKMARK [3][-]{subsubsection.4.8.1.1}{\376\377\0004\000.\0008\000.\0001\000.\0001\000\040\000a\000d\000d\000O\000n\000p\000T\000o\000F\000i\000l\000e\000\050\000\051}{subsection.4.8.1}% 72
\BOOKMARK [3][-]{subsubsection.4.8.1.2}{\376\377\0004\000.\0008\000.\0001\000.\0002\000\040\000a\000d\000d\000R\000e\000s\000u\000l\000t\000T\000o\000F\000i\000l\000e\000\050\000\051}{subsection.4.8.1}% 73
\BOOKMARK [3][-]{subsubsection.4.8.1.3}{\376\377\0004\000.\0008\000.\0001\000.\0003\000\040\000r\000e\000a\000d\000F\000i\000l\000e\000\050\000\051}{subsection.4.8.1}% 74
\BOOKMARK [1][-]{section.4.9}{\376\377\0004\000.\0009\000\040\000D\000o\000k\000u\000m\000e\000n\000t\000a\000c\000j\000a\000\040\000p\000l\000i\000k\000u\000\040\000h\000i\000s\000t\000o\000r\000y\000.\000t\000x\000t}{chapter.4}% 75
\BOOKMARK [1][-]{section.4.10}{\376\377\0004\000.\0001\0000\000\040\000D\000o\000k\000u\000m\000e\000n\000t\000a\000c\000j\000a\000\040\000p\000l\000i\000k\000u\000\040\000M\000a\000i\000n\000.\000c}{chapter.4}% 76
\BOOKMARK [2][-]{subsection.4.10.1}{\376\377\0004\000.\0001\0000\000.\0001\000\040\000D\000o\000k\000u\000m\000e\000n\000t\000a\000c\000j\000a\000\040\000d\000e\000f\000i\000n\000i\000c\000j\000i}{section.4.10}% 77
\BOOKMARK [3][-]{subsubsection.4.10.1.1}{\376\377\0004\000.\0001\0000\000.\0001\000.\0001\000\040\000\137\000C\000R\000T\000\137\000S\000E\000C\000U\000R\000E\000\137\000N\000O\000\137\000D\000E\000P\000R\000E\000C\000A\000T\000E}{subsection.4.10.1}% 78
\BOOKMARK [2][-]{subsection.4.10.2}{\376\377\0004\000.\0001\0000\000.\0002\000\040\000D\000o\000k\000u\000m\000e\000n\000t\000a\000c\000j\000a\000\040\000f\000u\000n\000k\000c\000j\000i}{section.4.10}% 79
\BOOKMARK [3][-]{subsubsection.4.10.2.1}{\376\377\0004\000.\0001\0000\000.\0002\000.\0001\000\040\000m\000a\000i\000n\000\050\000\051}{subsection.4.10.2}% 80
\BOOKMARK [1][-]{section.4.11}{\376\377\0004\000.\0001\0001\000\040\000D\000o\000k\000u\000m\000e\000n\000t\000a\000c\000j\000a\000\040\000p\000l\000i\000k\000u\000\040\000O\000n\000p\000F\000u\000n\000c\000t\000i\000o\000n\000s\000.\000c}{chapter.4}% 81
\BOOKMARK [2][-]{subsection.4.11.1}{\376\377\0004\000.\0001\0001\000.\0001\000\040\000D\000o\000k\000u\000m\000e\000n\000t\000a\000c\000j\000a\000\040\000d\000e\000f\000i\000n\000i\000c\000j\000i}{section.4.11}% 82
\BOOKMARK [3][-]{subsubsection.4.11.1.1}{\376\377\0004\000.\0001\0001\000.\0001\000.\0001\000\040\000\137\000C\000R\000T\000\137\000S\000E\000C\000U\000R\000E\000\137\000N\000O\000\137\000D\000E\000P\000R\000E\000C\000A\000T\000E}{subsection.4.11.1}% 83
\BOOKMARK [2][-]{subsection.4.11.2}{\376\377\0004\000.\0001\0001\000.\0002\000\040\000D\000o\000k\000u\000m\000e\000n\000t\000a\000c\000j\000a\000\040\000f\000u\000n\000k\000c\000j\000i}{section.4.11}% 84
\BOOKMARK [3][-]{subsubsection.4.11.2.1}{\376\377\0004\000.\0001\0001\000.\0002\000.\0001\000\040\000a\000d\000d\000T\000o\000O\000n\000p\000\050\000\051}{subsection.4.11.2}% 85
\BOOKMARK [3][-]{subsubsection.4.11.2.2}{\376\377\0004\000.\0001\0001\000.\0002\000.\0002\000\040\000a\000d\000d\000T\000o\000P\000a\000i\000r\000\050\000\051}{subsection.4.11.2}% 86
\BOOKMARK [3][-]{subsubsection.4.11.2.3}{\376\377\0004\000.\0001\0001\000.\0002\000.\0003\000\040\000f\000i\000n\000d\000O\000n\000p\000H\000e\000a\000d\000\050\000\051}{subsection.4.11.2}% 87
\BOOKMARK [3][-]{subsubsection.4.11.2.4}{\376\377\0004\000.\0001\0001\000.\0002\000.\0004\000\040\000f\000r\000e\000e\000O\000n\000p\000\050\000\051}{subsection.4.11.2}% 88
\BOOKMARK [3][-]{subsubsection.4.11.2.5}{\376\377\0004\000.\0001\0001\000.\0002\000.\0005\000\040\000o\000n\000p\000B\000u\000i\000l\000d\000e\000r\000\050\000\051}{subsection.4.11.2}% 89
\BOOKMARK [3][-]{subsubsection.4.11.2.6}{\376\377\0004\000.\0001\0001\000.\0002\000.\0006\000\040\000s\000e\000t\000S\000t\000a\000t\000e\000\050\000\051}{subsection.4.11.2}% 90
\BOOKMARK [3][-]{subsubsection.4.11.2.7}{\376\377\0004\000.\0001\0001\000.\0002\000.\0007\000\040\000s\000t\000a\000t\000e\000C\000o\000n\000t\000r\000o\000l\000\050\000\051}{subsection.4.11.2}% 91
\BOOKMARK [1][-]{section.4.12}{\376\377\0004\000.\0001\0002\000\040\000D\000o\000k\000u\000m\000e\000n\000t\000a\000c\000j\000a\000\040\000p\000l\000i\000k\000u\000\040\000O\000n\000p\000F\000u\000n\000c\000t\000i\000o\000n\000s\000.\000h}{chapter.4}% 92
\BOOKMARK [2][-]{subsection.4.12.1}{\376\377\0004\000.\0001\0002\000.\0001\000\040\000D\000o\000k\000u\000m\000e\000n\000t\000a\000c\000j\000a\000\040\000f\000u\000n\000k\000c\000j\000i}{section.4.12}% 93
\BOOKMARK [3][-]{subsubsection.4.12.1.1}{\376\377\0004\000.\0001\0002\000.\0001\000.\0001\000\040\000a\000d\000d\000T\000o\000O\000n\000p\000\050\000\051}{subsection.4.12.1}% 94
\BOOKMARK [3][-]{subsubsection.4.12.1.2}{\376\377\0004\000.\0001\0002\000.\0001\000.\0002\000\040\000a\000d\000d\000T\000o\000P\000a\000i\000r\000\050\000\051}{subsection.4.12.1}% 95
\BOOKMARK [3][-]{subsubsection.4.12.1.3}{\376\377\0004\000.\0001\0002\000.\0001\000.\0003\000\040\000f\000i\000n\000d\000O\000n\000p\000H\000e\000a\000d\000\050\000\051}{subsection.4.12.1}% 96
\BOOKMARK [3][-]{subsubsection.4.12.1.4}{\376\377\0004\000.\0001\0002\000.\0001\000.\0004\000\040\000f\000r\000e\000e\000O\000n\000p\000\050\000\051}{subsection.4.12.1}% 97
\BOOKMARK [3][-]{subsubsection.4.12.1.5}{\376\377\0004\000.\0001\0002\000.\0001\000.\0005\000\040\000o\000n\000p\000B\000u\000i\000l\000d\000e\000r\000\050\000\051}{subsection.4.12.1}% 98
\BOOKMARK [3][-]{subsubsection.4.12.1.6}{\376\377\0004\000.\0001\0002\000.\0001\000.\0006\000\040\000s\000e\000t\000S\000t\000a\000t\000e\000\050\000\051}{subsection.4.12.1}% 99
\BOOKMARK [3][-]{subsubsection.4.12.1.7}{\376\377\0004\000.\0001\0002\000.\0001\000.\0007\000\040\000s\000t\000a\000t\000e\000C\000o\000n\000t\000r\000o\000l\000\050\000\051}{subsection.4.12.1}% 100
\BOOKMARK [1][-]{section.4.13}{\376\377\0004\000.\0001\0003\000\040\000D\000o\000k\000u\000m\000e\000n\000t\000a\000c\000j\000a\000\040\000p\000l\000i\000k\000u\000\040\000S\000t\000a\000c\000k\000F\000u\000n\000c\000t\000i\000o\000n\000s\000.\000c}{chapter.4}% 101
\BOOKMARK [2][-]{subsection.4.13.1}{\376\377\0004\000.\0001\0003\000.\0001\000\040\000D\000o\000k\000u\000m\000e\000n\000t\000a\000c\000j\000a\000\040\000d\000e\000f\000i\000n\000i\000c\000j\000i}{section.4.13}% 102
\BOOKMARK [3][-]{subsubsection.4.13.1.1}{\376\377\0004\000.\0001\0003\000.\0001\000.\0001\000\040\000\137\000C\000R\000T\000\137\000S\000E\000C\000U\000R\000E\000\137\000N\000O\000\137\000D\000E\000P\000R\000E\000C\000A\000T\000E}{subsection.4.13.1}% 103
\BOOKMARK [2][-]{subsection.4.13.2}{\376\377\0004\000.\0001\0003\000.\0002\000\040\000D\000o\000k\000u\000m\000e\000n\000t\000a\000c\000j\000a\000\040\000f\000u\000n\000k\000c\000j\000i}{section.4.13}% 104
\BOOKMARK [3][-]{subsubsection.4.13.2.1}{\376\377\0004\000.\0001\0003\000.\0002\000.\0001\000\040\000a\000d\000d\000T\000o\000S\000t\000a\000c\000k\000\050\000\051}{subsection.4.13.2}% 105
\BOOKMARK [3][-]{subsubsection.4.13.2.2}{\376\377\0004\000.\0001\0003\000.\0002\000.\0002\000\040\000e\000m\000p\000t\000y\000S\000t\000a\000c\000k\000\050\000\051}{subsection.4.13.2}% 106
\BOOKMARK [3][-]{subsubsection.4.13.2.3}{\376\377\0004\000.\0001\0003\000.\0002\000.\0003\000\040\000m\000o\000d\000y\000f\000y\000S\000t\000a\000c\000k\000\050\000\051}{subsection.4.13.2}% 107
\BOOKMARK [3][-]{subsubsection.4.13.2.4}{\376\377\0004\000.\0001\0003\000.\0002\000.\0004\000\040\000r\000e\000m\000o\000v\000e\000F\000r\000o\000m\000S\000t\000a\000c\000k\000\050\000\051}{subsection.4.13.2}% 108
\BOOKMARK [3][-]{subsubsection.4.13.2.5}{\376\377\0004\000.\0001\0003\000.\0002\000.\0005\000\040\000s\000t\000a\000c\000k\000A\000c\000t\000i\000o\000n\000\050\000\051}{subsection.4.13.2}% 109
\BOOKMARK [1][-]{section.4.14}{\376\377\0004\000.\0001\0004\000\040\000D\000o\000k\000u\000m\000e\000n\000t\000a\000c\000j\000a\000\040\000p\000l\000i\000k\000u\000\040\000S\000t\000a\000c\000k\000F\000u\000n\000c\000t\000i\000o\000n\000s\000.\000h}{chapter.4}% 110
\BOOKMARK [2][-]{subsection.4.14.1}{\376\377\0004\000.\0001\0004\000.\0001\000\040\000D\000o\000k\000u\000m\000e\000n\000t\000a\000c\000j\000a\000\040\000f\000u\000n\000k\000c\000j\000i}{section.4.14}% 111
\BOOKMARK [3][-]{subsubsection.4.14.1.1}{\376\377\0004\000.\0001\0004\000.\0001\000.\0001\000\040\000a\000d\000d\000T\000o\000S\000t\000a\000c\000k\000\050\000\051}{subsection.4.14.1}% 112
\BOOKMARK [3][-]{subsubsection.4.14.1.2}{\376\377\0004\000.\0001\0004\000.\0001\000.\0002\000\040\000e\000m\000p\000t\000y\000S\000t\000a\000c\000k\000\050\000\051}{subsection.4.14.1}% 113
\BOOKMARK [3][-]{subsubsection.4.14.1.3}{\376\377\0004\000.\0001\0004\000.\0001\000.\0003\000\040\000m\000o\000d\000y\000f\000y\000S\000t\000a\000c\000k\000\050\000\051}{subsection.4.14.1}% 114
\BOOKMARK [3][-]{subsubsection.4.14.1.4}{\376\377\0004\000.\0001\0004\000.\0001\000.\0004\000\040\000r\000e\000m\000o\000v\000e\000F\000r\000o\000m\000S\000t\000a\000c\000k\000\050\000\051}{subsection.4.14.1}% 115
\BOOKMARK [3][-]{subsubsection.4.14.1.5}{\376\377\0004\000.\0001\0004\000.\0001\000.\0005\000\040\000s\000t\000a\000c\000k\000A\000c\000t\000i\000o\000n\000\050\000\051}{subsection.4.14.1}% 116
\BOOKMARK [1][-]{section.4.15}{\376\377\0004\000.\0001\0005\000\040\000D\000o\000k\000u\000m\000e\000n\000t\000a\000c\000j\000a\000\040\000p\000l\000i\000k\000u\000\040\000S\000t\000r\000u\000c\000t\000u\000r\000e\000s\000.\000h}{chapter.4}% 117
\BOOKMARK [2][-]{subsection.4.15.1}{\376\377\0004\000.\0001\0005\000.\0001\000\040\000D\000o\000k\000u\000m\000e\000n\000t\000a\000c\000j\000a\000\040\000t\000y\000p\000\363\000w\000\040\000w\000y\000l\000i\000c\000z\000a\000n\000y\000c\000h}{section.4.15}% 118
\BOOKMARK [3][-]{subsubsection.4.15.1.1}{\376\377\0004\000.\0001\0005\000.\0001\000.\0001\000\040\000b\000o\000o\000l}{subsection.4.15.1}% 119
\BOOKMARK [3][-]{subsubsection.4.15.1.2}{\376\377\0004\000.\0001\0005\000.\0001\000.\0002\000\040\000T\000y\000p\000e}{subsection.4.15.1}% 120
\BOOKMARK [1][-]{section.4.16}{\376\377\0004\000.\0001\0006\000\040\000D\000o\000k\000u\000m\000e\000n\000t\000a\000c\000j\000a\000\040\000p\000l\000i\000k\000u\000\040\000T\000e\000s\000t\000.\000t\000x\000t}{chapter.4}% 121
\BOOKMARK [1][-]{section.4.17}{\376\377\0004\000.\0001\0007\000\040\000D\000o\000k\000u\000m\000e\000n\000t\000a\000c\000j\000a\000\040\000p\000l\000i\000k\000u\000\040\000U\000i\000F\000u\000n\000c\000t\000i\000o\000n\000s\000.\000c}{chapter.4}% 122
\BOOKMARK [2][-]{subsection.4.17.1}{\376\377\0004\000.\0001\0007\000.\0001\000\040\000D\000o\000k\000u\000m\000e\000n\000t\000a\000c\000j\000a\000\040\000d\000e\000f\000i\000n\000i\000c\000j\000i}{section.4.17}% 123
\BOOKMARK [3][-]{subsubsection.4.17.1.1}{\376\377\0004\000.\0001\0007\000.\0001\000.\0001\000\040\000\137\000C\000R\000T\000\137\000S\000E\000C\000U\000R\000E\000\137\000N\000O\000\137\000D\000E\000P\000R\000E\000C\000A\000T\000E}{subsection.4.17.1}% 124
\BOOKMARK [2][-]{subsection.4.17.2}{\376\377\0004\000.\0001\0007\000.\0002\000\040\000D\000o\000k\000u\000m\000e\000n\000t\000a\000c\000j\000a\000\040\000f\000u\000n\000k\000c\000j\000i}{section.4.17}% 125
\BOOKMARK [3][-]{subsubsection.4.17.2.1}{\376\377\0004\000.\0001\0007\000.\0002\000.\0001\000\040\000d\000i\000v\000i\000d\000e\000B\000y\000Z\000e\000r\000o\000\050\000\051}{subsection.4.17.2}% 126
\BOOKMARK [3][-]{subsubsection.4.17.2.2}{\376\377\0004\000.\0001\0007\000.\0002\000.\0002\000\040\000g\000e\000t\000U\000s\000e\000r\000C\000h\000o\000i\000c\000e\000\050\000\051}{subsection.4.17.2}% 127
\BOOKMARK [3][-]{subsubsection.4.17.2.3}{\376\377\0004\000.\0001\0007\000.\0002\000.\0003\000\040\000g\000e\000t\000U\000s\000e\000r\000I\000n\000p\000u\000t\000\050\000\051}{subsection.4.17.2}% 128
\BOOKMARK [3][-]{subsubsection.4.17.2.4}{\376\377\0004\000.\0001\0007\000.\0002\000.\0004\000\040\000m\000a\000n\000u\000a\000l\000\050\000\051}{subsection.4.17.2}% 129
\BOOKMARK [3][-]{subsubsection.4.17.2.5}{\376\377\0004\000.\0001\0007\000.\0002\000.\0005\000\040\000p\000r\000i\000n\000t\000O\000n\000p\000\050\000\051}{subsection.4.17.2}% 130
\BOOKMARK [1][-]{section.4.18}{\376\377\0004\000.\0001\0008\000\040\000D\000o\000k\000u\000m\000e\000n\000t\000a\000c\000j\000a\000\040\000p\000l\000i\000k\000u\000\040\000U\000i\000F\000u\000n\000c\000t\000i\000o\000n\000s\000.\000h}{chapter.4}% 131
\BOOKMARK [2][-]{subsection.4.18.1}{\376\377\0004\000.\0001\0008\000.\0001\000\040\000D\000o\000k\000u\000m\000e\000n\000t\000a\000c\000j\000a\000\040\000f\000u\000n\000k\000c\000j\000i}{section.4.18}% 132
\BOOKMARK [3][-]{subsubsection.4.18.1.1}{\376\377\0004\000.\0001\0008\000.\0001\000.\0001\000\040\000d\000i\000v\000i\000d\000e\000B\000y\000Z\000e\000r\000o\000\050\000\051}{subsection.4.18.1}% 133
\BOOKMARK [3][-]{subsubsection.4.18.1.2}{\376\377\0004\000.\0001\0008\000.\0001\000.\0002\000\040\000g\000e\000t\000U\000s\000e\000r\000C\000h\000o\000i\000c\000e\000\050\000\051}{subsection.4.18.1}% 134
\BOOKMARK [3][-]{subsubsection.4.18.1.3}{\376\377\0004\000.\0001\0008\000.\0001\000.\0003\000\040\000g\000e\000t\000U\000s\000e\000r\000I\000n\000p\000u\000t\000\050\000\051}{subsection.4.18.1}% 135
\BOOKMARK [3][-]{subsubsection.4.18.1.4}{\376\377\0004\000.\0001\0008\000.\0001\000.\0004\000\040\000m\000a\000n\000u\000a\000l\000\050\000\051}{subsection.4.18.1}% 136
\BOOKMARK [3][-]{subsubsection.4.18.1.5}{\376\377\0004\000.\0001\0008\000.\0001\000.\0005\000\040\000p\000r\000i\000n\000t\000O\000n\000p\000\050\000\051}{subsection.4.18.1}% 137
\BOOKMARK [0][-]{section*.27}{\376\377\000I\000n\000d\000e\000k\000s}{}% 138
